{"log":
 [{"message":
   ".> LEAN_PATH=/home/linfe/math/dojo/lean4dojo_py/lean4-example/.lake/build/lib/lean /home/linfe/.elan/toolchains/leanprover--lean4---v4.20.0/bin/lean /home/linfe/math/dojo/lean4dojo_py/lean4-example/Lean4Example.lean -R /home/linfe/math/dojo/lean4dojo_py/lean4-example -o /home/linfe/math/dojo/lean4dojo_py/lean4-example/.lake/build/lib/lean/Lean4Example.olean -i /home/linfe/math/dojo/lean4dojo_py/lean4-example/.lake/build/lib/lean/Lean4Example.ilean -c /home/linfe/math/dojo/lean4dojo_py/lean4-example/.lake/build/ir/Lean4Example.c --json",
   "level": "trace"}],
 "inputs":
 [["Lean4Example:deps",
   [["deps",
     [["«lean4-example»/Lean4Example:extraDep",
       [["@«lean4-example»:extraDep", "1723"]]],
      ["import oleans", "1723"]]],
    ["libs",
     [["import dynlibs", "1723"],
      ["package external libraries", "1723"],
      ["module dynlibs", "1723"],
      ["module plugins", "1723"]]]]],
  ["Lean 4.20.0, commit 77cfc4d1a4f6ef6651792b781eaa6676b4f3f060",
   "16311077432335102250"],
  ["Module.leanArgs: #[]", "1723"],
  ["/home/linfe/math/dojo/lean4dojo_py/lean4-example/Lean4Example.lean",
   "12902014985714343579"]],
 "depHash": "8231283887435710936"}